<?xml version="1.0" encoding="UTF-8"?>
<testsuite name="repository.RepositoryJdbcParticipantTest" tests="3" skipped="0" failures="0" errors="0" timestamp="2019-03-22T10:53:42" hostname="pop-os" time="0.478">
  <properties/>
  <testcase name="findAll" classname="repository.RepositoryJdbcParticipantTest" time="0.211"/>
  <testcase name="findOne" classname="repository.RepositoryJdbcParticipantTest" time="0.003"/>
  <testcase name="save" classname="repository.RepositoryJdbcParticipantTest" time="0.264"/>
  <system-out><![CDATA[Properties set. 
-- listing properties --
jdbc.url=jdbc:sqlite:src/main/resources/Mpp
jdbc.driver=org.sqlite.JDBC
Properties set. 
-- listing properties --
jdbc.url=jdbc:sqlite:src/main/resources/Mpp
jdbc.driver=org.sqlite.JDBC
[ParticipantSingle{id=1, name='Andrei', motorCC=500}
, ParticipantSingle{id=2, name='Mihai', motorCC=500}
, ParticipantTeam{id=3, name='Iulian', motorCC=250, teamName='Suzuki'}
]
Properties set. 
-- listing properties --
jdbc.url=jdbc:sqlite:src/main/resources/Mpp
jdbc.driver=org.sqlite.JDBC
Error DB org.sqlite.SQLiteException: [SQLITE_ERROR] SQL error or missing database (no such table: SortingTasks)
Properties set. 
-- listing properties --
jdbc.url=jdbc:sqlite:src/main/resources/Mpp
jdbc.driver=org.sqlite.JDBC
Properties set. 
-- listing properties --
jdbc.url=jdbc:sqlite:src/main/resources/Mpp
jdbc.driver=org.sqlite.JDBC
ParticipantSingle{id=1, name='Andrei', motorCC=500}

Properties set. 
-- listing properties --
jdbc.url=jdbc:sqlite:src/main/resources/Mpp
jdbc.driver=org.sqlite.JDBC
Error DB org.sqlite.SQLiteException: [SQLITE_ERROR] SQL error or missing database (no such table: SortingTasks)
Properties set. 
-- listing properties --
jdbc.url=jdbc:sqlite:src/main/resources/Mpp
jdbc.driver=org.sqlite.JDBC
Properties set. 
-- listing properties --
jdbc.url=jdbc:sqlite:src/main/resources/Mpp
jdbc.driver=org.sqlite.JDBC
Error DB org.sqlite.SQLiteException: [SQLITE_ERROR] SQL error or missing database (no such table: SortingTasks)
]]></system-out>
  <system-err><![CDATA[ERROR StatusLogger No log4j2 configuration file found. Using default configuration: logging only errors to the console. Set system property 'org.apache.logging.log4j.simplelog.StatusLogger.level' to TRACE to show Log4j2 internal initialization logging.
]]></system-err>
</testsuite>
