<?xml version="1.0" encoding="UTF-8"?>
<testsuite name="repository.RepositoryJdbcStaffTest" tests="3" skipped="0" failures="0" errors="0" timestamp="2019-03-22T10:53:43" hostname="pop-os" time="0.002">
  <properties/>
  <testcase name="findAll" classname="repository.RepositoryJdbcStaffTest" time="0.001"/>
  <testcase name="findOne" classname="repository.RepositoryJdbcStaffTest" time="0.0"/>
  <testcase name="save" classname="repository.RepositoryJdbcStaffTest" time="0.0"/>
  <system-out><![CDATA[]]></system-out>
  <system-err><![CDATA[]]></system-err>
</testsuite>
